# JRE version: OpenJDK Runtime Environment (8.0_181-b13) (build 1.8.0_181-b13)
# Java VM: OpenJDK 64-Bit Server VM (25.181-b13 mixed mode linux-amd64 )
Heap:
 PSYoungGen      total 19354112K, used 4379938K [0x00002b25ef000000, 0x00002b2aef000000, 0x00002b2aef000000)
  eden space 19350528K, 22% used [0x00002b25ef000000,0x00002b26fc4c75c8,0x00002b2a8c100000)
  from space 3584K, 0% used [0x00002b2a8c100000,0x00002b2a8c100000,0x00002b2a8c480000)
  to   space 817664K, 0% used [0x00002b2abd180000,0x00002b2abd180000,0x00002b2aef000000)
 ParOldGen       total 29252608K, used 21352439K [0x00002b1bef000000, 0x00002b22e8700000, 0x00002b25ef000000)
  object space 29252608K, 72% used [0x00002b1bef000000,0x00002b21063fdc38,0x00002b22e8700000)
 Metaspace       used 17677K, capacity 18149K, committed 18176K, reserved 18432K
GC Heap History (50 events):
Event: 1.153 GC heap before
{Heap before GC invocations=1 (full 0):
 PSYoungGen      total 611840K, used 125952K [0x00002b25ef000000, 0x00002b2619a80000, 0x00002b2aef000000)
  eden space 524800K, 24% used [0x00002b25ef000000,0x00002b25f6b002d0,0x00002b260f080000)
  from space 87040K, 0% used [0x00002b2614580000,0x00002b2614580000,0x00002b2619a80000)
  to   space 87040K, 0% used [0x00002b260f080000,0x00002b260f080000,0x00002b2614580000)
 ParOldGen       total 1398272K, used 0K [0x00002b1bef000000, 0x00002b1c44580000, 0x00002b25ef000000)
  object space 1398272K, 0% used [0x00002b1bef000000,0x00002b1bef000000,0x00002b1c44580000)
 Metaspace       used 16390K, capacity 16779K, committed 16896K, reserved 18432K
Event: 1.187 GC heap after
Heap after GC invocations=1 (full 0):
 PSYoungGen      total 611840K, used 12424K [0x00002b25ef000000, 0x00002b2619a80000, 0x00002b2aef000000)
  eden space 524800K, 0% used [0x00002b25ef000000,0x00002b25ef000000,0x00002b260f080000)
  from space 87040K, 14% used [0x00002b260f080000,0x00002b260fca2298,0x00002b2614580000)
  to   space 87040K, 0% used [0x00002b2614580000,0x00002b2614580000,0x00002b2619a80000)
 ParOldGen       total 1398272K, used 16K [0x00002b1bef000000, 0x00002b1c44580000, 0x00002b25ef000000)
  object space 1398272K, 0% used [0x00002b1bef000000,0x00002b1bef004000,0x00002b1c44580000)
 Metaspace       used 16390K, capacity 16779K, committed 16896K, reserved 18432K
}
Event: 1.188 GC heap before
{Heap before GC invocations=2 (full 1):
 PSYoungGen      total 611840K, used 12424K [0x00002b25ef000000, 0x00002b2619a80000, 0x00002b2aef000000)
  eden space 524800K, 0% used [0x00002b25ef000000,0x00002b25ef000000,0x00002b260f080000)
  from space 87040K, 14% used [0x00002b260f080000,0x00002b260fca2298,0x00002b2614580000)
  to   space 87040K, 0% used [0x00002b2614580000,0x00002b2614580000,0x00002b2619a80000)
 ParOldGen       total 1398272K, used 16K [0x00002b1bef000000, 0x00002b1c44580000, 0x00002b25ef000000)
  object space 1398272K, 0% used [0x00002b1bef000000,0x00002b1bef004000,0x00002b1c44580000)
 Metaspace       used 16390K, capacity 16779K, committed 16896K, reserved 18432K
Event: 1.241 GC heap after
Heap after GC invocations=2 (full 1):
 PSYoungGen      total 611840K, used 0K [0x00002b25ef000000, 0x00002b2619a80000, 0x00002b2aef000000)
  eden space 524800K, 0% used [0x00002b25ef000000,0x00002b25ef000000,0x00002b260f080000)
  from space 87040K, 0% used [0x00002b260f080000,0x00002b260f080000,0x00002b2614580000)
  to   space 87040K, 0% used [0x00002b2614580000,0x00002b2614580000,0x00002b2619a80000)
 ParOldGen       total 1398272K, used 11462K [0x00002b1bef000000, 0x00002b1c44580000, 0x00002b25ef000000)
  object space 1398272K, 0% used [0x00002b1bef000000,0x00002b1befb31818,0x00002b1c44580000)
 Metaspace       used 16390K, capacity 16779K, committed 16896K, reserved 18432K
}
Event: 3.590 GC heap before
{Heap before GC invocations=3 (full 1):
 PSYoungGen      total 611840K, used 524800K [0x00002b25ef000000, 0x00002b2619a80000, 0x00002b2aef000000)
  eden space 524800K, 100% used [0x00002b25ef000000,0x00002b260f080000,0x00002b260f080000)
  from space 87040K, 0% used [0x00002b260f080000,0x00002b260f080000,0x00002b2614580000)
  to   space 87040K, 0% used [0x00002b2614580000,0x00002b2614580000,0x00002b2619a80000)
 ParOldGen       total 4641280K, used 3253446K [0x00002b1bef000000, 0x00002b1d0a480000, 0x00002b25ef000000)
  object space 4641280K, 70% used [0x00002b1bef000000,0x00002b1cb5931848,0x00002b1d0a480000)
 Metaspace       used 17392K, capacity 17819K, committed 17920K, reserved 18432K
Event: 4.339 GC heap after
Heap after GC invocations=3 (full 1):
 PSYoungGen      total 611840K, used 21184K [0x00002b25ef000000, 0x00002b2639b00000, 0x00002b2aef000000)
  eden space 524800K, 0% used [0x00002b25ef000000,0x00002b25ef000000,0x00002b260f080000)
  from space 87040K, 24% used [0x00002b2614580000,0x00002b2615a303b8,0x00002b2619a80000)
  to   space 87040K, 0% used [0x00002b260f080000,0x00002b260f080000,0x00002b2614580000)
 ParOldGen       total 4641280K, used 3253454K [0x00002b1bef000000, 0x00002b1d0a480000, 0x00002b25ef000000)
  object space 4641280K, 70% used [0x00002b1bef000000,0x00002b1cb5933848,0x00002b1d0a480000)
 Metaspace       used 17392K, capacity 17819K, committed 17920K, reserved 18432K
}
Event: 4.918 GC heap before
{Heap before GC invocations=4 (full 1):
 PSYoungGen      total 611840K, used 545984K [0x00002b25ef000000, 0x00002b2639b00000, 0x00002b2aef000000)
  eden space 524800K, 100% used [0x00002b25ef000000,0x00002b260f080000,0x00002b260f080000)
  from space 87040K, 24% used [0x00002b2614580000,0x00002b2615a303b8,0x00002b2619a80000)
  to   space 87040K, 0% used [0x00002b260f080000,0x00002b260f080000,0x00002b2614580000)
 ParOldGen       total 4641280K, used 3253454K [0x00002b1bef000000, 0x00002b1d0a480000, 0x00002b25ef000000)
  object space 4641280K, 70% used [0x00002b1bef000000,0x00002b1cb5933848,0x00002b1d0a480000)
 Metaspace       used 17401K, capacity 17819K, committed 17920K, reserved 18432K
Event: 5.580 GC heap after
Heap after GC invocations=4 (full 1):
 PSYoungGen      total 611840K, used 39264K [0x00002b25ef000000, 0x00002b2639b00000, 0x00002b2aef000000)
  eden space 524800K, 0% used [0x00002b25ef000000,0x00002b25ef000000,0x00002b260f080000)
  from space 87040K, 45% used [0x00002b260f080000,0x00002b26116d82d8,0x00002b2614580000)
  to   space 87040K, 0% used [0x00002b2634600000,0x00002b2634600000,0x00002b2639b00000)
 ParOldGen       total 4641280K, used 3253462K [0x00002b1bef000000, 0x00002b1d0a480000, 0x00002b25ef000000)
  object space 4641280K, 70% used [0x00002b1bef000000,0x00002b1cb5935848,0x00002b1d0a480000)
 Metaspace       used 17401K, capacity 17819K, committed 17920K, reserved 18432K
}
Event: 6.092 GC heap before
{Heap before GC invocations=5 (full 1):
 PSYoungGen      total 611840K, used 564064K [0x00002b25ef000000, 0x00002b2639b00000, 0x00002b2aef000000)
  eden space 524800K, 100% used [0x00002b25ef000000,0x00002b260f080000,0x00002b260f080000)
  from space 87040K, 45% used [0x00002b260f080000,0x00002b26116d82d8,0x00002b2614580000)
  to   space 87040K, 0% used [0x00002b2634600000,0x00002b2634600000,0x00002b2639b00000)
 ParOldGen       total 4641280K, used 3253462K [0x00002b1bef000000, 0x00002b1d0a480000, 0x00002b25ef000000)
  object space 4641280K, 70% used [0x00002b1bef000000,0x00002b1cb5935848,0x00002b1d0a480000)
 Metaspace       used 17401K, capacity 17819K, committed 17920K, reserved 18432K
Event: 6.882 GC heap after
Heap after GC invocations=5 (full 1):
 PSYoungGen      total 1136640K, used 58976K [0x00002b25ef000000, 0x00002b2639b00000, 0x00002b2aef000000)
  eden space 1049600K, 0% used [0x00002b25ef000000,0x00002b25ef000000,0x00002b262f100000)
  from space 87040K, 67% used [0x00002b2634600000,0x00002b2637f98338,0x00002b2639b00000)
  to   space 87040K, 0% used [0x00002b262f100000,0x00002b262f100000,0x00002b2634600000)
 ParOldGen       total 4641280K, used 3253470K [0x00002b1bef000000, 0x00002b1d0a480000, 0x00002b25ef000000)
  object space 4641280K, 70% used [0x00002b1bef000000,0x00002b1cb5937848,0x00002b1d0a480000)
 Metaspace       used 17401K, capacity 17819K, committed 17920K, reserved 18432K
}
Event: 7.838 GC heap before
{Heap before GC invocations=6 (full 1):
 PSYoungGen      total 1136640K, used 1108576K [0x00002b25ef000000, 0x00002b2639b00000, 0x00002b2aef000000)
  eden space 1049600K, 100% used [0x00002b25ef000000,0x00002b262f100000,0x00002b262f100000)
  from space 87040K, 67% used [0x00002b2634600000,0x00002b2637f98338,0x00002b2639b00000)
  to   space 87040K, 0% used [0x00002b262f100000,0x00002b262f100000,0x00002b2634600000)
 ParOldGen       total 4641280K, used 3253470K [0x00002b1bef000000, 0x00002b1d0a480000, 0x00002b25ef000000)
  object space 4641280K, 70% used [0x00002b1bef000000,0x00002b1cb5937848,0x00002b1d0a480000)
 Metaspace       used 17401K, capacity 17819K, committed 17920K, reserved 18432K
Event: 8.677 GC heap after
Heap after GC invocations=6 (full 1):
 PSYoungGen      total 1136640K, used 87008K [0x00002b25ef000000, 0x00002b2679c00000, 0x00002b2aef000000)
  eden space 1049600K, 0% used [0x00002b25ef000000,0x00002b25ef000000,0x00002b262f100000)
  from space 87040K, 99% used [0x00002b262f100000,0x00002b26345f8368,0x00002b2634600000)
  to   space 87040K, 0% used [0x00002b2674700000,0x00002b2674700000,0x00002b2679c00000)
 ParOldGen       total 4641280K, used 3264046K [0x00002b1bef000000, 0x00002b1d0a480000, 0x00002b25ef000000)
  object space 4641280K, 70% used [0x00002b1bef000000,0x00002b1cb638b848,0x00002b1d0a480000)
 Metaspace       used 17401K, capacity 17819K, committed 17920K, reserved 18432K
}
Event: 9.593 GC heap before
{Heap before GC invocations=7 (full 1):
 PSYoungGen      total 1136640K, used 1136608K [0x00002b25ef000000, 0x00002b2679c00000, 0x00002b2aef000000)
  eden space 1049600K, 100% used [0x00002b25ef000000,0x00002b262f100000,0x00002b262f100000)
  from space 87040K, 99% used [0x00002b262f100000,0x00002b26345f8368,0x00002b2634600000)
  to   space 87040K, 0% used [0x00002b2674700000,0x00002b2674700000,0x00002b2679c00000)
 ParOldGen       total 4641280K, used 3264046K [0x00002b1bef000000, 0x00002b1d0a480000, 0x00002b25ef000000)
  object space 4641280K, 70% used [0x00002b1bef000000,0x00002b1cb638b848,0x00002b1d0a480000)
 Metaspace       used 17402K, capacity 17819K, committed 17920K, reserved 18432K
Event: 11.978 GC heap after
Heap after GC invocations=7 (full 1):
 PSYoungGen      total 2132992K, used 87008K [0x00002b25ef000000, 0x00002b2680400000, 0x00002b2aef000000)
  eden space 2045952K, 0% used [0x00002b25ef000000,0x00002b25ef000000,0x00002b266be00000)
  from space 87040K, 99% used [0x00002b2674700000,0x00002b2679bf8380,0x00002b2679c00000)
  to   space 140288K, 0% used [0x00002b266be00000,0x00002b266be00000,0x00002b2674700000)
 ParOldGen       total 4641280K, used 3302774K [0x00002b1bef000000, 0x00002b1d0a480000, 0x00002b25ef000000)
  object space 4641280K, 71% used [0x00002b1bef000000,0x00002b1cb895d848,0x00002b1d0a480000)
 Metaspace       used 17402K, capacity 17819K, committed 17920K, reserved 18432K
}
Event: 13.822 GC heap before
{Heap before GC invocations=8 (full 1):
 PSYoungGen      total 2132992K, used 2132960K [0x00002b25ef000000, 0x00002b2680400000, 0x00002b2aef000000)
  eden space 2045952K, 100% used [0x00002b25ef000000,0x00002b266be00000,0x00002b266be00000)
  from space 87040K, 99% used [0x00002b2674700000,0x00002b2679bf8380,0x00002b2679c00000)
  to   space 140288K, 0% used [0x00002b266be00000,0x00002b266be00000,0x00002b2674700000)
 ParOldGen       total 4641280K, used 3302774K [0x00002b1bef000000, 0x00002b1d0a480000, 0x00002b25ef000000)
  object space 4641280K, 71% used [0x00002b1bef000000,0x00002b1cb895d848,0x00002b1d0a480000)
 Metaspace       used 17402K, capacity 17819K, committed 17920K, reserved 18432K
Event: 15.265 GC heap after
Heap after GC invocations=8 (full 1):
 PSYoungGen      total 2186240K, used 140257K [0x00002b25ef000000, 0x00002b26fee00000, 0x00002b2aef000000)
  eden space 2045952K, 0% used [0x00002b25ef000000,0x00002b25ef000000,0x00002b266be00000)
  from space 140288K, 99% used [0x00002b266be00000,0x00002b26746f8428,0x00002b2674700000)
  to   space 181248K, 0% used [0x00002b26f3d00000,0x00002b26f3d00000,0x00002b26fee00000)
 ParOldGen       total 4641280K, used 3325870K [0x00002b1bef000000, 0x00002b1d0a480000, 0x00002b25ef000000)
  object space 4641280K, 71% used [0x00002b1bef000000,0x00002b1cb9feb848,0x00002b1d0a480000)
 Metaspace       used 17402K, capacity 17819K, committed 17920K, reserved 18432K
}
Event: 16.858 GC heap before
{Heap before GC invocations=9 (full 1):
 PSYoungGen      total 2186240K, used 2186209K [0x00002b25ef000000, 0x00002b26fee00000, 0x00002b2aef000000)
  eden space 2045952K, 100% used [0x00002b25ef000000,0x00002b266be00000,0x00002b266be00000)
  from space 140288K, 99% used [0x00002b266be00000,0x00002b26746f8428,0x00002b2674700000)
  to   space 181248K, 0% used [0x00002b26f3d00000,0x00002b26f3d00000,0x00002b26fee00000)
 ParOldGen       total 4641280K, used 3325870K [0x00002b1bef000000, 0x00002b1d0a480000, 0x00002b25ef000000)
  object space 4641280K, 71% used [0x00002b1bef000000,0x00002b1cb9feb848,0x00002b1d0a480000)
 Metaspace       used 17402K, capacity 17819K, committed 17920K, reserved 18432K
Event: 20.065 GC heap after
Heap after GC invocations=9 (full 1):
 PSYoungGen      total 4240384K, used 178432K [0x00002b25ef000000, 0x00002b2702e00000, 0x00002b2aef000000)
  eden space 4059136K, 0% used [0x00002b25ef000000,0x00002b25ef000000,0x00002b26e6c00000)
  from space 181248K, 98% used [0x00002b26f3d00000,0x00002b26feb401e0,0x00002b26fee00000)
  to   space 214016K, 0% used [0x00002b26e6c00000,0x00002b26e6c00000,0x00002b26f3d00000)
 ParOldGen       total 4641280K, used 3363810K [0x00002b1bef000000, 0x00002b1d0a480000, 0x00002b25ef000000)
  object space 4641280K, 72% used [0x00002b1bef000000,0x00002b1cbc4f8b20,0x00002b1d0a480000)
 Metaspace       used 17402K, capacity 17819K, committed 17920K, reserved 18432K
}
Event: 24.068 GC heap before
{Heap before GC invocations=10 (full 1):
 PSYoungGen      total 4240384K, used 4237568K [0x00002b25ef000000, 0x00002b2702e00000, 0x00002b2aef000000)
  eden space 4059136K, 100% used [0x00002b25ef000000,0x00002b26e6c00000,0x00002b26e6c00000)
  from space 181248K, 98% used [0x00002b26f3d00000,0x00002b26feb401e0,0x00002b26fee00000)
  to   space 214016K, 0% used [0x00002b26e6c00000,0x00002b26e6c00000,0x00002b26f3d00000)
 ParOldGen       total 4641280K, used 3363810K [0x00002b1bef000000, 0x00002b1d0a480000, 0x00002b25ef000000)
  object space 4641280K, 72% used [0x00002b1bef000000,0x00002b1cbc4f8b20,0x00002b1d0a480000)
 Metaspace       used 17413K, capacity 17883K, committed 17920K, reserved 18432K
Event: 28.434 GC heap after
Heap after GC invocations=10 (full 1):
 PSYoungGen      total 4273152K, used 213984K [0x00002b25ef000000, 0x00002b2802d00000, 0x00002b2aef000000)
  eden space 4059136K, 0% used [0x00002b25ef000000,0x00002b25ef000000,0x00002b26e6c00000)
  from space 214016K, 99% used [0x00002b26e6c00000,0x00002b26f3cf8210,0x00002b26f3d00000)
  to   space 297472K, 0% used [0x00002b27f0a80000,0x00002b27f0a80000,0x00002b2802d00000)
 ParOldGen       total 4641280K, used 3477554K [0x00002b1bef000000, 0x00002b1d0a480000, 0x00002b25ef000000)
  object space 4641280K, 74% used [0x00002b1bef000000,0x00002b1cc340cbc8,0x00002b1d0a480000)
 Metaspace       used 17413K, capacity 17883K, committed 17920K, reserved 18432K
}
Event: 31.605 GC heap before
{Heap before GC invocations=11 (full 1):
 PSYoungGen      total 4273152K, used 4273120K [0x00002b25ef000000, 0x00002b2802d00000, 0x00002b2aef000000)
  eden space 4059136K, 100% used [0x00002b25ef000000,0x00002b26e6c00000,0x00002b26e6c00000)
  from space 214016K, 99% used [0x00002b26e6c00000,0x00002b26f3cf8210,0x00002b26f3d00000)
  to   space 297472K, 0% used [0x00002b27f0a80000,0x00002b27f0a80000,0x00002b2802d00000)
 ParOldGen       total 4641280K, used 3477554K [0x00002b1bef000000, 0x00002b1d0a480000, 0x00002b25ef000000)
  object space 4641280K, 74% used [0x00002b1bef000000,0x00002b1cc340cbc8,0x00002b1d0a480000)
 Metaspace       used 17413K, capacity 17883K, committed 17920K, reserved 18432K
Event: 32.979 GC heap after
Heap after GC invocations=11 (full 1):
 PSYoungGen      total 6792192K, used 297440K [0x00002b25ef000000, 0x00002b2802d00000, 0x00002b2aef000000)
  eden space 6494720K, 0% used [0x00002b25ef000000,0x00002b25ef000000,0x00002b277b680000)
  from space 297472K, 99% used [0x00002b27f0a80000,0x00002b2802cf81f8,0x00002b2802d00000)
  to   space 372224K, 0% used [0x00002b27d5600000,0x00002b27d5600000,0x00002b27ec180000)
 ParOldGen       total 4641280K, used 3544419K [0x00002b1bef000000, 0x00002b1d0a480000, 0x00002b25ef000000)
  object space 4641280K, 76% used [0x00002b1bef000000,0x00002b1cc7558c70,0x00002b1d0a480000)
 Metaspace       used 17413K, capacity 17883K, committed 17920K, reserved 18432K
}
Event: 38.943 GC heap before
{Heap before GC invocations=12 (full 1):
 PSYoungGen      total 6792192K, used 6792160K [0x00002b25ef000000, 0x00002b2802d00000, 0x00002b2aef000000)
  eden space 6494720K, 100% used [0x00002b25ef000000,0x00002b277b680000,0x00002b277b680000)
  from space 297472K, 99% used [0x00002b27f0a80000,0x00002b2802cf81f8,0x00002b2802d00000)
  to   space 372224K, 0% used [0x00002b27d5600000,0x00002b27d5600000,0x00002b27ec180000)
 ParOldGen       total 4641280K, used 3544419K [0x00002b1bef000000, 0x00002b1d0a480000, 0x00002b25ef000000)
  object space 4641280K, 76% used [0x00002b1bef000000,0x00002b1cc7558c70,0x00002b1d0a480000)
 Metaspace       used 17413K, capacity 17883K, committed 17920K, reserved 18432K
Event: 45.661 GC heap after
Heap after GC invocations=12 (full 1):
 PSYoungGen      total 8340992K, used 372192K [0x00002b25ef000000, 0x00002b28a5f00000, 0x00002b2aef000000)
  eden space 7968768K, 0% used [0x00002b25ef000000,0x00002b25ef000000,0x00002b27d5600000)
  from space 372224K, 99% used [0x00002b27d5600000,0x00002b27ec178168,0x00002b27ec180000)
  to   space 497152K, 0% used [0x00002b2887980000,0x00002b2887980000,0x00002b28a5f00000)
 ParOldGen       total 4641280K, used 3710083K [0x00002b1bef000000, 0x00002b1d0a480000, 0x00002b25ef000000)
  object space 4641280K, 79% used [0x00002b1bef000000,0x00002b1cd1720df0,0x00002b1d0a480000)
 Metaspace       used 17413K, capacity 17883K, committed 17920K, reserved 18432K
}
Event: 54.089 GC heap before
{Heap before GC invocations=13 (full 1):
 PSYoungGen      total 8340992K, used 8340960K [0x00002b25ef000000, 0x00002b28a5f00000, 0x00002b2aef000000)
  eden space 7968768K, 100% used [0x00002b25ef000000,0x00002b27d5600000,0x00002b27d5600000)
  from space 372224K, 99% used [0x00002b27d5600000,0x00002b27ec178168,0x00002b27ec180000)
  to   space 497152K, 0% used [0x00002b2887980000,0x00002b2887980000,0x00002b28a5f00000)
 ParOldGen       total 4641280K, used 3710083K [0x00002b1bef000000, 0x00002b1d0a480000, 0x00002b25ef000000)
  object space 4641280K, 79% used [0x00002b1bef000000,0x00002b1cd1720df0,0x00002b1d0a480000)
 Metaspace       used 17424K, capacity 17883K, committed 17920K, reserved 18432K
Event: 61.315 GC heap after
Heap after GC invocations=13 (full 1):
 PSYoungGen      total 10876928K, used 296160K [0x00002b25ef000000, 0x00002b2937580000, 0x00002b2aef000000)
  eden space 10379776K, 0% used [0x00002b25ef000000,0x00002b25ef000000,0x00002b2868880000)
  from space 497152K, 59% used [0x00002b2887980000,0x00002b2899ab8138,0x00002b28a5f00000)
  to   space 508928K, 0% used [0x00002b2868880000,0x00002b2868880000,0x00002b2887980000)
 ParOldGen       total 4641280K, used 4083235K [0x00002b1bef000000, 0x00002b1d0a480000, 0x00002b25ef000000)
  object space 4641280K, 87% used [0x00002b1bef000000,0x00002b1ce8388f58,0x00002b1d0a480000)
 Metaspace       used 17424K, capacity 17883K, committed 17920K, reserved 18432K
}
Event: 72.034 GC heap before
{Heap before GC invocations=14 (full 1):
 PSYoungGen      total 10876928K, used 10675936K [0x00002b25ef000000, 0x00002b2937580000, 0x00002b2aef000000)
  eden space 10379776K, 100% used [0x00002b25ef000000,0x00002b2868880000,0x00002b2868880000)
  from space 497152K, 59% used [0x00002b2887980000,0x00002b2899ab8138,0x00002b28a5f00000)
  to   space 508928K, 0% used [0x00002b2868880000,0x00002b2868880000,0x00002b2887980000)
 ParOldGen       total 4641280K, used 4083235K [0x00002b1bef000000, 0x00002b1d0a480000, 0x00002b25ef000000)
  object space 4641280K, 87% used [0x00002b1bef000000,0x00002b1ce8388f58,0x00002b1d0a480000)
 Metaspace       used 17433K, capacity 17883K, committed 17920K, reserved 18432K
Event: 78.639 GC heap after
Heap after GC invocations=14 (full 1):
 PSYoungGen      total 10888704K, used 384768K [0x00002b25ef000000, 0x00002b2a27b80000, 0x00002b2aef000000)
  eden space 10379776K, 0% used [0x00002b25ef000000,0x00002b25ef000000,0x00002b2868880000)
  from space 508928K, 75% used [0x00002b2868880000,0x00002b28800400d8,0x00002b2887980000)
  to   space 549376K, 0% used [0x00002b2a06300000,0x00002b2a06300000,0x00002b2a27b80000)
 ParOldGen       total 4641280K, used 4379132K [0x00002b1bef000000, 0x00002b1d0a480000, 0x00002b25ef000000)
  object space 4641280K, 94% used [0x00002b1bef000000,0x00002b1cfa47f090,0x00002b1d0a480000)
 Metaspace       used 17433K, capacity 17883K, committed 17920K, reserved 18432K
}
Event: 78.639 GC heap before
{Heap before GC invocations=15 (full 2):
 PSYoungGen      total 10888704K, used 384768K [0x00002b25ef000000, 0x00002b2a27b80000, 0x00002b2aef000000)
  eden space 10379776K, 0% used [0x00002b25ef000000,0x00002b25ef000000,0x00002b2868880000)
  from space 508928K, 75% used [0x00002b2868880000,0x00002b28800400d8,0x00002b2887980000)
  to   space 549376K, 0% used [0x00002b2a06300000,0x00002b2a06300000,0x00002b2a27b80000)
 ParOldGen       total 4641280K, used 4379132K [0x00002b1bef000000, 0x00002b1d0a480000, 0x00002b25ef000000)
  object space 4641280K, 94% used [0x00002b1bef000000,0x00002b1cfa47f090,0x00002b1d0a480000)
 Metaspace       used 17433K, capacity 17883K, committed 17920K, reserved 18432K
Event: 102.400 GC heap after
Heap after GC invocations=15 (full 2):
 PSYoungGen      total 10888704K, used 107880K [0x00002b25ef000000, 0x00002b2a27b80000, 0x00002b2aef000000)
  eden space 10379776K, 0% used [0x00002b25ef000000,0x00002b25ef000000,0x00002b2868880000)
  from space 508928K, 21% used [0x00002b2868880000,0x00002b286f1da190,0x00002b2887980000)
  to   space 549376K, 0% used [0x00002b2a06300000,0x00002b2a06300000,0x00002b2a27b80000)
 ParOldGen       total 5943808K, used 4641253K [0x00002b1bef000000, 0x00002b1d59c80000, 0x00002b25ef000000)
  object space 5943808K, 78% used [0x00002b1bef000000,0x00002b1d0a4794a8,0x00002b1d59c80000)
 Metaspace       used 17433K, capacity 17883K, committed 17920K, reserved 18432K
}
Event: 112.366 GC heap before
{Heap before GC invocations=16 (full 2):
 PSYoungGen      total 10888704K, used 10487656K [0x00002b25ef000000, 0x00002b2a27b80000, 0x00002b2aef000000)
  eden space 10379776K, 100% used [0x00002b25ef000000,0x00002b2868880000,0x00002b2868880000)
  from space 508928K, 21% used [0x00002b2868880000,0x00002b286f1da190,0x00002b2887980000)
  to   space 549376K, 0% used [0x00002b2a06300000,0x00002b2a06300000,0x00002b2a27b80000)
 ParOldGen       total 5943808K, used 4641253K [0x00002b1bef000000, 0x00002b1d59c80000, 0x00002b25ef000000)
  object space 5943808K, 78% used [0x00002b1bef000000,0x00002b1d0a4794a8,0x00002b1d59c80000)
 Metaspace       used 17433K, capacity 17883K, committed 17920K, reserved 18432K
Event: 122.433 GC heap after
Heap after GC invocations=16 (full 2):
 PSYoungGen      total 14692352K, used 382848K [0x00002b25ef000000, 0x00002b2a1d900000, 0x00002b2aef000000)
  eden space 14309376K, 0% used [0x00002b25ef000000,0x00002b25ef000000,0x00002b2958600000)
  from space 382976K, 99% used [0x00002b2a06300000,0x00002b2a1d8e0048,0x00002b2a1d900000)
  to   space 579584K, 0% used [0x00002b29d6d00000,0x00002b29d6d00000,0x00002b29fa300000)
 ParOldGen       total 5943808K, used 4749709K [0x00002b1bef000000, 0x00002b1d59c80000, 0x00002b25ef000000)
  object space 5943808K, 79% used [0x00002b1bef000000,0x00002b1d10e634a8,0x00002b1d59c80000)
 Metaspace       used 17433K, capacity 17883K, committed 17920K, reserved 18432K
}
Event: 136.552 GC heap before
{Heap before GC invocations=17 (full 2):
 PSYoungGen      total 14692352K, used 14692224K [0x00002b25ef000000, 0x00002b2a1d900000, 0x00002b2aef000000)
  eden space 14309376K, 100% used [0x00002b25ef000000,0x00002b2958600000,0x00002b2958600000)
  from space 382976K, 99% used [0x00002b2a06300000,0x00002b2a1d8e0048,0x00002b2a1d900000)
  to   space 579584K, 0% used [0x00002b29d6d00000,0x00002b29d6d00000,0x00002b29fa300000)
 ParOldGen       total 5943808K, used 4749709K [0x00002b1bef000000, 0x00002b1d59c80000, 0x00002b25ef000000)
  object space 5943808K, 79% used [0x00002b1bef000000,0x00002b1d10e634a8,0x00002b1d59c80000)
 Metaspace       used 17451K, capacity 17883K, committed 17920K, reserved 18432K
Event: 144.108 GC heap after
Heap after GC invocations=17 (full 2):
 PSYoungGen      total 16960512K, used 516672K [0x00002b25ef000000, 0x00002b2aee700000, 0x00002b2aef000000)
  eden space 16380928K, 0% used [0x00002b25ef000000,0x00002b25ef000000,0x00002b29d6d00000)
  from space 579584K, 89% used [0x00002b29d6d00000,0x00002b29f6590078,0x00002b29fa300000)
  to   space 651776K, 0% used [0x00002b2ac6a80000,0x00002b2ac6a80000,0x00002b2aee700000)
 ParOldGen       total 5943808K, used 5132685K [0x00002b1bef000000, 0x00002b1d59c80000, 0x00002b25ef000000)
  object space 5943808K, 86% used [0x00002b1bef000000,0x00002b1d284634f0,0x00002b1d59c80000)
 Metaspace       used 17451K, capacity 17883K, committed 17920K, reserved 18432K
}
Event: 163.467 GC heap before
{Heap before GC invocations=18 (full 2):
 PSYoungGen      total 16960512K, used 16897600K [0x00002b25ef000000, 0x00002b2aee700000, 0x00002b2aef000000)
  eden space 16380928K, 100% used [0x00002b25ef000000,0x00002b29d6d00000,0x00002b29d6d00000)
  from space 579584K, 89% used [0x00002b29d6d00000,0x00002b29f6590078,0x00002b29fa300000)
  to   space 651776K, 0% used [0x00002b2ac6a80000,0x00002b2ac6a80000,0x00002b2aee700000)
 ParOldGen       total 5943808K, used 5132685K [0x00002b1bef000000, 0x00002b1d59c80000, 0x00002b25ef000000)
  object space 5943808K, 86% used [0x00002b1bef000000,0x00002b1d284634f0,0x00002b1d59c80000)
 Metaspace       used 17457K, capacity 17883K, committed 17920K, reserved 18432K
Event: 181.067 GC heap after
Heap after GC invocations=18 (full 2):
 PSYoungGen      total 20140544K, used 604864K [0x00002b25ef000000, 0x00002b2aef000000, 0x00002b2aef000000)
  eden space 19488768K, 0% used [0x00002b25ef000000,0x00002b25ef000000,0x00002b2a94800000)
  from space 651776K, 92% used [0x00002b2ac6a80000,0x00002b2aeb930048,0x00002b2aee700000)
  to   space 741376K, 0% used [0x00002b2a94800000,0x00002b2a94800000,0x00002b2ac1c00000)
 ParOldGen       total 5943808K, used 5650173K [0x00002b1bef000000, 0x00002b1d59c80000, 0x00002b25ef000000)
  object space 5943808K, 95% used [0x00002b1bef000000,0x00002b1d47dbf568,0x00002b1d59c80000)
 Metaspace       used 17457K, capacity 17883K, committed 17920K, reserved 18432K
}
Event: 181.067 GC heap before
{Heap before GC invocations=19 (full 3):
 PSYoungGen      total 20140544K, used 604864K [0x00002b25ef000000, 0x00002b2aef000000, 0x00002b2aef000000)
  eden space 19488768K, 0% used [0x00002b25ef000000,0x00002b25ef000000,0x00002b2a94800000)
  from space 651776K, 92% used [0x00002b2ac6a80000,0x00002b2aeb930048,0x00002b2aee700000)
  to   space 741376K, 0% used [0x00002b2a94800000,0x00002b2a94800000,0x00002b2ac1c00000)
 ParOldGen       total 5943808K, used 5650173K [0x00002b1bef000000, 0x00002b1d59c80000, 0x00002b25ef000000)
  object space 5943808K, 95% used [0x00002b1bef000000,0x00002b1d47dbf568,0x00002b1d59c80000)
 Metaspace       used 17457K, capacity 17883K, committed 17920K, reserved 18432K
Event: 225.751 GC heap after
Heap after GC invocations=19 (full 3):
 PSYoungGen      total 20140544K, used 303606K [0x00002b25ef000000, 0x00002b2aef000000, 0x00002b2aef000000)
  eden space 19488768K, 0% used [0x00002b25ef000000,0x00002b25ef000000,0x00002b2a94800000)
  from space 651776K, 46% used [0x00002b2ac6a80000,0x00002b2ad92fd900,0x00002b2aee700000)
  to   space 741376K, 0% used [0x00002b2a94800000,0x00002b2a94800000,0x00002b2ac1c00000)
 ParOldGen       total 7716864K, used 5943692K [0x00002b1bef000000, 0x00002b1dc6000000, 0x00002b25ef000000)
  object space 7716864K, 77% used [0x00002b1bef000000,0x00002b1d59c632b8,0x00002b1dc6000000)
 Metaspace       used 17457K, capacity 17883K, committed 17920K, reserved 18432K
}
Event: 246.532 GC heap before
{Heap before GC invocations=20 (full 3):
 PSYoungGen      total 20140544K, used 19792374K [0x00002b25ef000000, 0x00002b2aef000000, 0x00002b2aef000000)
  eden space 19488768K, 100% used [0x00002b25ef000000,0x00002b2a94800000,0x00002b2a94800000)
  from space 651776K, 46% used [0x00002b2ac6a80000,0x00002b2ad92fd900,0x00002b2aee700000)
  to   space 741376K, 0% used [0x00002b2a94800000,0x00002b2a94800000,0x00002b2ac1c00000)
 ParOldGen       total 7716864K, used 5943692K [0x00002b1bef000000, 0x00002b1dc6000000, 0x00002b25ef000000)
  object space 7716864K, 77% used [0x00002b1bef000000,0x00002b1d59c632b8,0x00002b1dc6000000)
 Metaspace       used 17472K, capacity 17883K, committed 17920K, reserved 18432K
Event: 266.328 GC heap after
Heap after GC invocations=20 (full 3):
 PSYoungGen      total 20206592K, used 717600K [0x00002b25ef000000, 0x00002b2aef000000, 0x00002b2aef000000)
  eden space 19488768K, 0% used [0x00002b25ef000000,0x00002b25ef000000,0x00002b2a94800000)
  from space 717824K, 99% used [0x00002b2a94800000,0x00002b2ac04c8018,0x00002b2ac0500000)
  to   space 764928K, 0% used [0x00002b2ac0500000,0x00002b2ac0500000,0x00002b2aef000000)
 ParOldGen       total 7716864K, used 6248652K [0x00002b1bef000000, 0x00002b1dc6000000, 0x00002b25ef000000)
  object space 7716864K, 80% used [0x00002b1bef000000,0x00002b1d6c6332b8,0x00002b1dc6000000)
 Metaspace       used 17472K, capacity 17883K, committed 17920K, reserved 18432K
}
Event: 273.966 GC heap before
{Heap before GC invocations=21 (full 3):
 PSYoungGen      total 20206592K, used 8876927K [0x00002b25ef000000, 0x00002b2aef000000, 0x00002b2aef000000)
  eden space 19488768K, 41% used [0x00002b25ef000000,0x00002b27e1017f48,0x00002b2a94800000)
  from space 717824K, 99% used [0x00002b2a94800000,0x00002b2ac04c8018,0x00002b2ac0500000)
  to   space 764928K, 0% used [0x00002b2ac0500000,0x00002b2ac0500000,0x00002b2aef000000)
 ParOldGen       total 7716864K, used 6248652K [0x00002b1bef000000, 0x00002b1dc6000000, 0x00002b25ef000000)
  object space 7716864K, 80% used [0x00002b1bef000000,0x00002b1d6c6332b8,0x00002b1dc6000000)
 Metaspace       used 17483K, capacity 17947K, committed 18176K, reserved 18432K
Event: 283.241 GC heap after
Heap after GC invocations=21 (full 3):
 PSYoungGen      total 20115456K, used 285600K [0x00002b25ef000000, 0x00002b2aef000000, 0x00002b2aef000000)
  eden space 19350528K, 0% used [0x00002b25ef000000,0x00002b25ef000000,0x00002b2a8c100000)
  from space 764928K, 37% used [0x00002b2ac0500000,0x00002b2ad1be8000,0x00002b2aef000000)
  to   space 810496K, 0% used [0x00002b2a8c100000,0x00002b2a8c100000,0x00002b2abd880000)
 ParOldGen       total 7716864K, used 6967172K [0x00002b1bef000000, 0x00002b1dc6000000, 0x00002b25ef000000)
  object space 7716864K, 90% used [0x00002b1bef000000,0x00002b1d983e12b8,0x00002b1dc6000000)
 Metaspace       used 17483K, capacity 17947K, committed 18176K, reserved 18432K
}
Event: 283.241 GC heap before
{Heap before GC invocations=22 (full 4):
 PSYoungGen      total 20115456K, used 285600K [0x00002b25ef000000, 0x00002b2aef000000, 0x00002b2aef000000)
  eden space 19350528K, 0% used [0x00002b25ef000000,0x00002b25ef000000,0x00002b2a8c100000)
  from space 764928K, 37% used [0x00002b2ac0500000,0x00002b2ad1be8000,0x00002b2aef000000)
  to   space 810496K, 0% used [0x00002b2a8c100000,0x00002b2a8c100000,0x00002b2abd880000)
 ParOldGen       total 7716864K, used 6967172K [0x00002b1bef000000, 0x00002b1dc6000000, 0x00002b25ef000000)
  object space 7716864K, 90% used [0x00002b1bef000000,0x00002b1d983e12b8,0x00002b1dc6000000)
 Metaspace       used 17483K, capacity 17947K, committed 18176K, reserved 18432K
Event: 342.307 GC heap after
Heap after GC invocations=22 (full 4):
 PSYoungGen      total 20115456K, used 0K [0x00002b25ef000000, 0x00002b2aef000000, 0x00002b2aef000000)
  eden space 19350528K, 0% used [0x00002b25ef000000,0x00002b25ef000000,0x00002b2a8c100000)
  from space 764928K, 0% used [0x00002b2ac0500000,0x00002b2ac0500000,0x00002b2aef000000)
  to   space 810496K, 0% used [0x00002b2a8c100000,0x00002b2a8c100000,0x00002b2abd880000)
 ParOldGen       total 7716864K, used 7235416K [0x00002b1bef000000, 0x00002b1dc6000000, 0x00002b25ef000000)
  object space 7716864K, 93% used [0x00002b1bef000000,0x00002b1da89d6070,0x00002b1dc6000000)
 Metaspace       used 17483K, capacity 17947K, committed 18176K, reserved 18432K
}
Event: 344.158 GC heap before
{Heap before GC invocations=23 (full 5):
 PSYoungGen      total 20115456K, used 19350528K [0x00002b25ef000000, 0x00002b2aef000000, 0x00002b2aef000000)
  eden space 19350528K, 100% used [0x00002b25ef000000,0x00002b2a8c100000,0x00002b2a8c100000)
  from space 764928K, 0% used [0x00002b2ac0500000,0x00002b2ac0500000,0x00002b2aef000000)
  to   space 810496K, 0% used [0x00002b2a8c100000,0x00002b2a8c100000,0x00002b2abd880000)
 ParOldGen       total 7716864K, used 7235416K [0x00002b1bef000000, 0x00002b1dc6000000, 0x00002b25ef000000)
  object space 7716864K, 93% used [0x00002b1bef000000,0x00002b1da89d6070,0x00002b1dc6000000)
 Metaspace       used 17626K, capacity 18085K, committed 18176K, reserved 18432K
Event: 408.380 GC heap after
Heap after GC invocations=23 (full 5):
 PSYoungGen      total 20115456K, used 13981914K [0x00002b25ef000000, 0x00002b2aef000000, 0x00002b2aef000000)
  eden space 19350528K, 72% used [0x00002b25ef000000,0x00002b2944636800,0x00002b2a8c100000)
  from space 764928K, 0% used [0x00002b2ac0500000,0x00002b2ac0500000,0x00002b2aef000000)
  to   space 810496K, 0% used [0x00002b2a8c100000,0x00002b2a8c100000,0x00002b2abd880000)
 ParOldGen       total 9669632K, used 7368331K [0x00002b1bef000000, 0x00002b1e3d300000, 0x00002b25ef000000)
  object space 9669632K, 76% used [0x00002b1bef000000,0x00002b1db0ba2da8,0x00002b1e3d300000)
 Metaspace       used 17626K, capacity 18085K, committed 18176K, reserved 18432K
}
Event: 408.415 GC heap before
{Heap before GC invocations=24 (full 5):
 PSYoungGen      total 20115456K, used 19350528K [0x00002b25ef000000, 0x00002b2aef000000, 0x00002b2aef000000)
  eden space 19350528K, 100% used [0x00002b25ef000000,0x00002b2a8c100000,0x00002b2a8c100000)
  from space 764928K, 0% used [0x00002b2ac0500000,0x00002b2ac0500000,0x00002b2aef000000)
  to   space 810496K, 0% used [0x00002b2a8c100000,0x00002b2a8c100000,0x00002b2abd880000)
 ParOldGen       total 9669632K, used 7368331K [0x00002b1bef000000, 0x00002b1e3d300000, 0x00002b25ef000000)
  object space 9669632K, 76% used [0x00002b1bef000000,0x00002b1db0ba2da8,0x00002b1e3d300000)
 Metaspace       used 17639K, capacity 18085K, committed 18176K, reserved 18432K
Event: 411.673 GC heap after
Heap after GC invocations=24 (full 5):
 PSYoungGen      total 19354112K, used 3201K [0x00002b25ef000000, 0x00002b2aef000000, 0x00002b2aef000000)
  eden space 19350528K, 0% used [0x00002b25ef000000,0x00002b25ef000000,0x00002b2a8c100000)
  from space 3584K, 89% used [0x00002b2a8c100000,0x00002b2a8c420450,0x00002b2a8c480000)
  to   space 817664K, 0% used [0x00002b2abd180000,0x00002b2abd180000,0x00002b2aef000000)
 ParOldGen       total 23651328K, used 21349387K [0x00002b1bef000000, 0x00002b2192900000, 0x00002b25ef000000)
  object space 23651328K, 90% used [0x00002b1bef000000,0x00002b2106102dd8,0x00002b2192900000)
 Metaspace       used 17639K, capacity 18085K, committed 18176K, reserved 18432K
}
Event: 411.673 GC heap before
{Heap before GC invocations=25 (full 6):
 PSYoungGen      total 19354112K, used 3201K [0x00002b25ef000000, 0x00002b2aef000000, 0x00002b2aef000000)
  eden space 19350528K, 0% used [0x00002b25ef000000,0x00002b25ef000000,0x00002b2a8c100000)
  from space 3584K, 89% used [0x00002b2a8c100000,0x00002b2a8c420450,0x00002b2a8c480000)
  to   space 817664K, 0% used [0x00002b2abd180000,0x00002b2abd180000,0x00002b2aef000000)
 ParOldGen       total 23651328K, used 21349387K [0x00002b1bef000000, 0x00002b2192900000, 0x00002b25ef000000)
  object space 23651328K, 90% used [0x00002b1bef000000,0x00002b2106102dd8,0x00002b2192900000)
 Metaspace       used 17639K, capacity 18085K, committed 18176K, reserved 18432K
Event: 476.163 GC heap after
Heap after GC invocations=25 (full 6):
 PSYoungGen      total 19354112K, used 0K [0x00002b25ef000000, 0x00002b2aef000000, 0x00002b2aef000000)
  eden space 19350528K, 0% used [0x00002b25ef000000,0x00002b25ef000000,0x00002b2a8c100000)
  from space 3584K, 0% used [0x00002b2a8c100000,0x00002b2a8c100000,0x00002b2a8c480000)
  to   space 817664K, 0% used [0x00002b2abd180000,0x00002b2abd180000,0x00002b2aef000000)
 ParOldGen       total 29252608K, used 21352439K [0x00002b1bef000000, 0x00002b22e8700000, 0x00002b25ef000000)
  object space 29252608K, 72% used [0x00002b1bef000000,0x00002b21063fdc38,0x00002b22e8700000)
 Metaspace       used 17639K, capacity 18085K, committed 18176K, reserved 18432K
}

